#
# There is insufficient memory for the Java Runtime Environment to continue.
# Native memory allocation (malloc) failed to allocate 170256 bytes for Chunk::new
# Possible reasons:
#   The system is out of physical RAM or swap space
#   The process is running with CompressedOops enabled, and the Java Heap may be blocking the growth of the native heap
# Possible solutions:
#   Reduce memory load on the system
#   Increase physical memory or swap space
#   Check if swap backing store is full
#   Decrease Java heap size (-Xmx/-Xms)
#   Decrease number of Java threads
#   Decrease Java thread stack sizes (-Xss)
#   Set larger code cache with -XX:ReservedCodeCacheSize=
#   JVM is running with Zero Based Compressed Oops mode in which the Java heap is
#     placed in the first 32GB address space. The Java Heap base address is the
#     maximum limit for the native heap growth. Please use -XX:HeapBaseMinAddress
#     to set the Java Heap base and to place the Java Heap above 32GB virtual address.
# This output file may be truncated or incomplete.
#
#  Out of Memory Error (arena.cpp:189), pid=31768, tid=23696
#
# JRE version: OpenJDK Runtime Environment Corretto-17.0.5.8.1 (17.0.5+8) (build 17.0.5+8-LTS)
# Java VM: OpenJDK 64-Bit Server VM Corretto-17.0.5.8.1 (17.0.5+8-LTS, mixed mode, sharing, tiered, compressed oops, compressed class ptrs, g1 gc, windows-amd64)
# No core dump will be written. Minidumps are not enabled by default on client versions of Windows
#

---------------  S U M M A R Y ------------

Command Line: -javaagent:D:\software\IntelliJ IDEA Community Edition 2022.2.3\lib\idea_rt.jar=64970:D:\software\IntelliJ IDEA Community Edition 2022.2.3\bin -Dfile.encoding=UTF-8 com.yks.cmt.ConvenientMedicalTreatmentApplication

Host: 11th Gen Intel(R) Core(TM) i5-1135G7 @ 2.40GHz, 8 cores, 15G,  Windows 11 , 64 bit Build 22621 (10.0.22621.1194)
Time: Fri Mar  3 09:33:00 2023  Windows 11 , 64 bit Build 22621 (10.0.22621.1194) elapsed time: 54568.998885 seconds (0d 15h 9m 28s)

---------------  T H R E A D  ---------------

Current thread (0x0000024329eaf050):  JavaThread "C2 CompilerThread0" daemon [_thread_in_native, id=23696, stack(0x0000006141100000,0x0000006141200000)]


Current CompileTask:
C2:54568998 8453       4       java.util.concurrent.ScheduledThreadPoolExecutor::reExecutePeriodic (49 bytes)

Stack: [0x0000006141100000,0x0000006141200000]
Native frames: (J=compiled Java code, j=interpreted, Vv=VM code, C=native code)
V  [jvm.dll+0x646e0a]
V  [jvm.dll+0x7f7f14]
V  [jvm.dll+0x7f96ce]
V  [jvm.dll+0x7f9d23]
V  [jvm.dll+0x234c98]
V  [jvm.dll+0xbccfc]
V  [jvm.dll+0xbd2dc]
V  [jvm.dll+0x29be82]
V  [jvm.dll+0x5538e8]
V  [jvm.dll+0x2112fb]
V  [jvm.dll+0x20a8f9]
V  [jvm.dll+0x208722]
V  [jvm.dll+0x198a9d]
V  [jvm.dll+0x217bdd]
V  [jvm.dll+0x215e24]
V  [jvm.dll+0x7b06ab]
V  [jvm.dll+0x7aac5a]
V  [jvm.dll+0x645cd5]
C  [ucrtbase.dll+0x29363]
C  [KERNEL32.DLL+0x126bd]
C  [ntdll.dll+0x5dfb8]


---------------  P R O C E S S  ---------------

Threads class SMR info:
_java_thread_list=0x000002432d7d5db0, length=31, elements={
0x0000024329e8eda0, 0x0000024329e8f660, 0x0000024329ea83f0, 0x0000024329ea8cb0,
0x0000024329ea9570, 0x0000024329eaa440, 0x0000024329eaf050, 0x0000024329eb2e50,
0x0000024329ebc770, 0x0000024329f71200, 0x000002432aceb630, 0x000002432ac9d6d0,
0x000002432f27c420, 0x000002432f27a270, 0x000002432f2798d0, 0x000002432f279da0,
0x000002432f278f30, 0x000002432f278a60, 0x000002432f279400, 0x000002432f27b0e0,
0x000002432f27b5b0, 0x000002432c139ba0, 0x000002432c137050, 0x000002432c135370,
0x000002432c138390, 0x000002432c13a070, 0x000002432c134030, 0x000002432c138d30,
0x000002432c1361e0, 0x000002432c1366b0, 0x000002432c136b80
}

Java Threads: ( => current thread )
  0x0000024329e8eda0 JavaThread "Reference Handler" daemon [_thread_blocked, id=21072, stack(0x0000006140b00000,0x0000006140c00000)]
  0x0000024329e8f660 JavaThread "Finalizer" daemon [_thread_blocked, id=1620, stack(0x0000006140c00000,0x0000006140d00000)]
  0x0000024329ea83f0 JavaThread "Signal Dispatcher" daemon [_thread_blocked, id=26860, stack(0x0000006140d00000,0x0000006140e00000)]
  0x0000024329ea8cb0 JavaThread "Attach Listener" daemon [_thread_blocked, id=31896, stack(0x0000006140e00000,0x0000006140f00000)]
  0x0000024329ea9570 JavaThread "Service Thread" daemon [_thread_blocked, id=5244, stack(0x0000006140f00000,0x0000006141000000)]
  0x0000024329eaa440 JavaThread "Monitor Deflation Thread" daemon [_thread_blocked, id=17780, stack(0x0000006141000000,0x0000006141100000)]
=>0x0000024329eaf050 JavaThread "C2 CompilerThread0" daemon [_thread_in_native, id=23696, stack(0x0000006141100000,0x0000006141200000)]
  0x0000024329eb2e50 JavaThread "C1 CompilerThread0" daemon [_thread_blocked, id=32764, stack(0x0000006141200000,0x0000006141300000)]
  0x0000024329ebc770 JavaThread "Sweeper thread" daemon [_thread_blocked, id=21288, stack(0x0000006141300000,0x0000006141400000)]
  0x0000024329f71200 JavaThread "Common-Cleaner" daemon [_thread_blocked, id=32076, stack(0x0000006141400000,0x0000006141500000)]
  0x000002432aceb630 JavaThread "Monitor Ctrl-Break" daemon [_thread_in_native, id=5080, stack(0x0000006141600000,0x0000006141700000)]
  0x000002432ac9d6d0 JavaThread "Notification Thread" daemon [_thread_blocked, id=18664, stack(0x0000006141700000,0x0000006141800000)]
  0x000002432f27c420 JavaThread "Catalina-utility-1" [_thread_in_Java, id=19668, stack(0x0000006142200000,0x0000006142300000)]
  0x000002432f27a270 JavaThread "Catalina-utility-2" [_thread_blocked, id=20288, stack(0x0000006142300000,0x0000006142400000)]
  0x000002432f2798d0 JavaThread "container-0" [_thread_blocked, id=23520, stack(0x0000006142400000,0x0000006142500000)]
  0x000002432f279da0 JavaThread "mysql-cj-abandoned-connection-cleanup" daemon [_thread_blocked, id=21512, stack(0x0000006142500000,0x0000006142600000)]
  0x000002432f278f30 JavaThread "Druid-ConnectionPool-Create-314622131" daemon [_thread_blocked, id=17364, stack(0x0000006142600000,0x0000006142700000)]
  0x000002432f278a60 JavaThread "Druid-ConnectionPool-Destroy-314622131" daemon [_thread_blocked, id=19904, stack(0x0000006142700000,0x0000006142800000)]
  0x000002432f279400 JavaThread "http-nio-9090-exec-1" daemon [_thread_blocked, id=13080, stack(0x0000006142800000,0x0000006142900000)]
  0x000002432f27b0e0 JavaThread "http-nio-9090-exec-2" daemon [_thread_blocked, id=20360, stack(0x0000006142900000,0x0000006142a00000)]
  0x000002432f27b5b0 JavaThread "http-nio-9090-exec-3" daemon [_thread_blocked, id=3216, stack(0x0000006142a00000,0x0000006142b00000)]
  0x000002432c139ba0 JavaThread "http-nio-9090-exec-4" daemon [_thread_blocked, id=31856, stack(0x0000006142b00000,0x0000006142c00000)]
  0x000002432c137050 JavaThread "http-nio-9090-exec-5" daemon [_thread_blocked, id=26864, stack(0x0000006142c00000,0x0000006142d00000)]
  0x000002432c135370 JavaThread "http-nio-9090-exec-6" daemon [_thread_blocked, id=3088, stack(0x0000006142d00000,0x0000006142e00000)]
  0x000002432c138390 JavaThread "http-nio-9090-exec-7" daemon [_thread_blocked, id=13788, stack(0x0000006142e00000,0x0000006142f00000)]
  0x000002432c13a070 JavaThread "http-nio-9090-exec-8" daemon [_thread_blocked, id=7348, stack(0x0000006142f00000,0x0000006143000000)]
  0x000002432c134030 JavaThread "http-nio-9090-exec-9" daemon [_thread_blocked, id=22700, stack(0x0000006143000000,0x0000006143100000)]
  0x000002432c138d30 JavaThread "http-nio-9090-exec-10" daemon [_thread_blocked, id=2720, stack(0x0000006143100000,0x0000006143200000)]
  0x000002432c1361e0 JavaThread "http-nio-9090-Poller" daemon [_thread_in_native, id=28168, stack(0x0000006143200000,0x0000006143300000)]
  0x000002432c1366b0 JavaThread "http-nio-9090-Acceptor" daemon [_thread_in_native, id=19836, stack(0x0000006143300000,0x0000006143400000)]
  0x000002432c136b80 JavaThread "DestroyJavaVM" [_thread_blocked, id=4540, stack(0x0000006140400000,0x0000006140500000)]

Other Threads:
  0x0000024329e8a4f0 VMThread "VM Thread" [stack: 0x0000006140a00000,0x0000006140b00000] [id=24340]
  0x0000024307434410 WatcherThread [stack: 0x0000006141800000,0x0000006141900000] [id=14812]
  0x000002430741a9e0 GCTaskThread "GC Thread#0" [stack: 0x0000006140500000,0x0000006140600000] [id=12420]
  0x000002432b2235f0 GCTaskThread "GC Thread#1" [stack: 0x0000006141900000,0x0000006141a00000] [id=5468]
  0x000002432b2238a0 GCTaskThread "GC Thread#2" [stack: 0x0000006141a00000,0x0000006141b00000] [id=24404]
  0x000002432b223b50 GCTaskThread "GC Thread#3" [stack: 0x0000006141b00000,0x0000006141c00000] [id=2632]
  0x000002432b223e00 GCTaskThread "GC Thread#4" [stack: 0x0000006141c00000,0x0000006141d00000] [id=12864]
  0x000002432b221330 GCTaskThread "GC Thread#5" [stack: 0x0000006141d00000,0x0000006141e00000] [id=13168]
  0x000002432b3fec00 GCTaskThread "GC Thread#6" [stack: 0x0000006141e00000,0x0000006141f00000] [id=13236]
  0x000002432b376d60 GCTaskThread "GC Thread#7" [stack: 0x0000006142000000,0x0000006142100000] [id=17132]
  0x000002430742ac60 ConcurrentGCThread "G1 Main Marker" [stack: 0x0000006140600000,0x0000006140700000] [id=13900]
  0x000002430742c580 ConcurrentGCThread "G1 Conc#0" [stack: 0x0000006140700000,0x0000006140800000] [id=31160]
  0x000002432d6fee90 ConcurrentGCThread "G1 Conc#1" [stack: 0x0000006141f00000,0x0000006142000000] [id=31108]
  0x0000024329dc7ab0 ConcurrentGCThread "G1 Refine#0" [stack: 0x0000006140800000,0x0000006140900000] [id=11060]
  0x0000024329dc8180 ConcurrentGCThread "G1 Service" [stack: 0x0000006140900000,0x0000006140a00000] [id=2532]

Threads with active compile tasks:
C2 CompilerThread0  54569025 8453       4       java.util.concurrent.ScheduledThreadPoolExecutor::reExecutePeriodic (49 bytes)

VM state: not at safepoint (normal execution)

VM Mutex/Monitor currently owned by a thread: None

Heap address: 0x0000000709600000, size: 3946 MB, Compressed Oops mode: Zero based, Oop shift amount: 3

CDS archive(s) mapped at: [0x0000000800000000-0x0000000800bc0000-0x0000000800bc0000), size 12320768, SharedBaseAddress: 0x0000000800000000, ArchiveRelocationMode: 0.
Compressed class space mapped at: 0x0000000800c00000-0x0000000840c00000, reserved size: 1073741824
Narrow klass base: 0x0000000800000000, Narrow klass shift: 0, Narrow klass range: 0x100000000

GC Precious Log:
 CPUs: 8 total, 8 available
 Memory: 15777M
 Large Page Support: Disabled
 NUMA Support: Disabled
 Compressed Oops: Enabled (Zero based)
 Heap Region Size: 2M
 Heap Min Capacity: 8M
 Heap Initial Capacity: 248M
 Heap Max Capacity: 3946M
 Pre-touch: Disabled
 Parallel Workers: 8
 Concurrent Workers: 2
 Concurrent Refinement Workers: 8
 Periodic GC: Disabled

Heap:
 garbage-first heap   total 75776K, used 31900K [0x0000000709600000, 0x0000000800000000)
  region size 2048K, 4 young (8192K), 2 survivors (4096K)
 Metaspace       used 65891K, committed 66368K, reserved 1114112K
  class space    used 8693K, committed 8896K, reserved 1048576K

Heap Regions: E=young(eden), S=young(survivor), O=old, HS=humongous(starts), HC=humongous(continues), CS=collection set, F=free, OA=open archive, CA=closed archive, TAMS=top-at-mark-start (previous, next)
|   0|0x0000000709600000, 0x0000000709800000, 0x0000000709800000|100%| O|  |TAMS 0x0000000709800000, 0x0000000709600000| Untracked 
|   1|0x0000000709800000, 0x0000000709a00000, 0x0000000709a00000|100%| O|  |TAMS 0x0000000709a00000, 0x0000000709800000| Untracked 
|   2|0x0000000709a00000, 0x0000000709c00000, 0x0000000709c00000|100%| O|  |TAMS 0x0000000709c00000, 0x0000000709a00000| Untracked 
|   3|0x0000000709c00000, 0x0000000709e00000, 0x0000000709e00000|100%| O|  |TAMS 0x0000000709e00000, 0x0000000709c00000| Untracked 
|   4|0x0000000709e00000, 0x000000070a000000, 0x000000070a000000|100%| O|  |TAMS 0x000000070a000000, 0x0000000709e00000| Untracked 
|   5|0x000000070a000000, 0x000000070a200000, 0x000000070a200000|100%| O|  |TAMS 0x000000070a200000, 0x000000070a000000| Untracked 
|   6|0x000000070a200000, 0x000000070a400000, 0x000000070a400000|100%| O|  |TAMS 0x000000070a400000, 0x000000070a200000| Untracked 
|   7|0x000000070a400000, 0x000000070a600000, 0x000000070a600000|100%| O|  |TAMS 0x000000070a400000, 0x000000070a400000| Untracked 
|   8|0x000000070a600000, 0x000000070a800000, 0x000000070a800000|100%| O|  |TAMS 0x000000070a800000, 0x000000070a600000| Untracked 
|   9|0x000000070a800000, 0x000000070aa00000, 0x000000070aa00000|100%| O|  |TAMS 0x000000070aa00000, 0x000000070a800000| Untracked 
|  10|0x000000070aa00000, 0x000000070ac00000, 0x000000070ac00000|100%| O|  |TAMS 0x000000070ac00000, 0x000000070aa00000| Untracked 
|  11|0x000000070ac00000, 0x000000070ae00000, 0x000000070ae00000|100%| O|  |TAMS 0x000000070adf6600, 0x000000070ac00000| Untracked 
|  12|0x000000070ae00000, 0x000000070b000000, 0x000000070b000000|100%| O|  |TAMS 0x000000070ae00000, 0x000000070ae00000| Untracked 
|  13|0x000000070b000000, 0x000000070b0ea800, 0x000000070b200000| 45%| O|  |TAMS 0x000000070b000000, 0x000000070b000000| Untracked 
|  14|0x000000070b200000, 0x000000070b200000, 0x000000070b400000|  0%| F|  |TAMS 0x000000070b200000, 0x000000070b200000| Untracked 
|  15|0x000000070b400000, 0x000000070b400000, 0x000000070b600000|  0%| F|  |TAMS 0x000000070b400000, 0x000000070b400000| Untracked 
|  16|0x000000070b600000, 0x000000070b600000, 0x000000070b800000|  0%| F|  |TAMS 0x000000070b600000, 0x000000070b600000| Untracked 
|  17|0x000000070b800000, 0x000000070b800000, 0x000000070ba00000|  0%| F|  |TAMS 0x000000070b800000, 0x000000070b800000| Untracked 
|  18|0x000000070ba00000, 0x000000070ba00000, 0x000000070bc00000|  0%| F|  |TAMS 0x000000070ba00000, 0x000000070ba00000| Untracked 
|  19|0x000000070bc00000, 0x000000070bc00000, 0x000000070be00000|  0%| F|  |TAMS 0x000000070bc00000, 0x000000070bc00000| Untracked 
|  20|0x000000070be00000, 0x000000070be00000, 0x000000070c000000|  0%| F|  |TAMS 0x000000070be00000, 0x000000070be00000| Untracked 
|  21|0x000000070c000000, 0x000000070c000000, 0x000000070c200000|  0%| F|  |TAMS 0x000000070c000000, 0x000000070c000000| Untracked 
|  22|0x000000070c200000, 0x000000070c23c9a8, 0x000000070c400000| 11%| S|CS|TAMS 0x000000070c200000, 0x000000070c200000| Complete 
|  23|0x000000070c400000, 0x000000070c600000, 0x000000070c600000|100%| S|CS|TAMS 0x000000070c400000, 0x000000070c400000| Complete 
|  24|0x000000070c600000, 0x000000070c600000, 0x000000070c800000|  0%| F|  |TAMS 0x000000070c600000, 0x000000070c600000| Untracked 
|  25|0x000000070c800000, 0x000000070c800000, 0x000000070ca00000|  0%| F|  |TAMS 0x000000070c800000, 0x000000070c800000| Untracked 
|  26|0x000000070ca00000, 0x000000070ca00000, 0x000000070cc00000|  0%| F|  |TAMS 0x000000070ca00000, 0x000000070ca00000| Untracked 
|  27|0x000000070cc00000, 0x000000070cc00000, 0x000000070ce00000|  0%| F|  |TAMS 0x000000070cc00000, 0x000000070cc00000| Untracked 
|  28|0x000000070ce00000, 0x000000070ce00000, 0x000000070d000000|  0%| F|  |TAMS 0x000000070ce00000, 0x000000070ce00000| Untracked 
|  29|0x000000070d000000, 0x000000070d000000, 0x000000070d200000|  0%| F|  |TAMS 0x000000070d000000, 0x000000070d000000| Untracked 
|  30|0x000000070d200000, 0x000000070d200000, 0x000000070d400000|  0%| F|  |TAMS 0x000000070d200000, 0x000000070d200000| Untracked 
|  31|0x000000070d400000, 0x000000070d400000, 0x000000070d600000|  0%| F|  |TAMS 0x000000070d400000, 0x000000070d400000| Untracked 
|  32|0x000000070d600000, 0x000000070d600000, 0x000000070d800000|  0%| F|  |TAMS 0x000000070d600000, 0x000000070d600000| Untracked 
|  59|0x0000000710c00000, 0x0000000710c00000, 0x0000000710e00000|  0%| F|  |TAMS 0x0000000710c00000, 0x0000000710c00000| Untracked 
|  60|0x0000000710e00000, 0x0000000710e00000, 0x0000000711000000|  0%| F|  |TAMS 0x0000000710e00000, 0x0000000710e00000| Untracked 
|  61|0x0000000711000000, 0x000000071109dcd8, 0x0000000711200000| 30%| E|  |TAMS 0x0000000711000000, 0x0000000711000000| Complete 
| 123|0x0000000718c00000, 0x0000000718e00000, 0x0000000718e00000|100%| E|CS|TAMS 0x0000000718c00000, 0x0000000718c00000| Complete 

Card table byte_map: [0x000002431e990000,0x000002431f150000] _byte_map_base: 0x000002431b145000

Marking Bits (Prev, Next): (CMBitMap*) 0x000002430741ace0, (CMBitMap*) 0x000002430741aca0
 Prev Bits: [0x00000243236c0000, 0x0000024327468000)
 Next Bits: [0x000002431f910000, 0x00000243236b8000)

Polling page: 0x0000024305380000

Metaspace:

Usage:
  Non-class:     55.86 MB used.
      Class:      8.49 MB used.
       Both:     64.35 MB used.

Virtual space:
  Non-class space:       64.00 MB reserved,      56.13 MB ( 88%) committed,  8 nodes.
      Class space:        1.00 GB reserved,       8.69 MB ( <1%) committed,  1 nodes.
             Both:        1.06 GB reserved,      64.81 MB (  6%) committed. 

Chunk freelists:
   Non-Class:  3.29 MB
       Class:  3.20 MB
        Both:  6.50 MB

MaxMetaspaceSize: unlimited
CompressedClassSpaceSize: 1.00 GB
Initial GC threshold: 21.00 MB
Current GC threshold: 99.06 MB
CDS: on
MetaspaceReclaimPolicy: balanced
 - commit_granule_bytes: 65536.
 - commit_granule_words: 8192.
 - virtual_space_node_default_size: 1048576.
 - enlarge_chunks_in_place: 1.
 - new_chunks_are_fully_committed: 0.
 - uncommit_free_chunks: 1.
 - use_allocation_guard: 0.
 - handle_deallocations: 1.


Internal statistics:

num_allocs_failed_limit: 9.
num_arena_births: 566.
num_arena_deaths: 0.
num_vsnodes_births: 9.
num_vsnodes_deaths: 0.
num_space_committed: 1037.
num_space_uncommitted: 0.
num_chunks_returned_to_freelist: 9.
num_chunks_taken_from_freelist: 2929.
num_chunk_merges: 9.
num_chunk_splits: 2111.
num_chunks_enlarged: 1675.
num_purges: 0.
num_inconsistent_stats: 0.

CodeHeap 'non-profiled nmethods': size=120000Kb used=5378Kb max_used=5378Kb free=114621Kb
 bounds [0x0000024316970000, 0x0000024316ec0000, 0x000002431dea0000]
CodeHeap 'profiled nmethods': size=120000Kb used=15187Kb max_used=15187Kb free=104813Kb
 bounds [0x000002430f440000, 0x0000024310320000, 0x0000024316970000]
CodeHeap 'non-nmethods': size=5760Kb used=1344Kb max_used=1383Kb free=4415Kb
 bounds [0x000002430eea0000, 0x000002430f110000, 0x000002430f440000]
 total_blobs=8331 nmethods=7670 adapters=572
 compilation: enabled
              stopped_count=0, restarted_count=0
 full_count=0

Compilation events (20 events):
Event: 11684.771 Thread 0x0000024329eb2e50 8443       3       java.lang.StackTraceElement::isNativeMethod (15 bytes)
Event: 11684.771 Thread 0x0000024329eb2e50 nmethod 8443 0x0000024310313e10 code [0x0000024310313fa0, 0x0000024310314118]
Event: 11684.771 Thread 0x0000024329eb2e50 8447       3       com.fasterxml.jackson.databind.cfg.DeserializerFactoryConfig::hasDeserializerModifiers (14 bytes)
Event: 11684.771 Thread 0x0000024329eb2e50 nmethod 8447 0x0000024310314190 code [0x0000024310314320, 0x0000024310314498]
Event: 11684.771 Thread 0x0000024329eb2e50 8445       1       org.apache.coyote.Response::setStatus (6 bytes)
Event: 11684.772 Thread 0x0000024329eb2e50 nmethod 8445 0x0000024316ea4f90 code [0x0000024316ea5120, 0x0000024316ea51f8]
Event: 11684.772 Thread 0x0000024329eb2e50 8446       1       org.apache.coyote.Response::setMessage (6 bytes)
Event: 11684.772 Thread 0x0000024329eb2e50 nmethod 8446 0x0000024316ea5290 code [0x0000024316ea5420, 0x0000024316ea5538]
Event: 11684.774 Thread 0x0000024329eb2e50 8449       3       org.springframework.http.MediaType::sortBySpecificityAndQuality (34 bytes)
Event: 11684.777 Thread 0x0000024329eb2e50 nmethod 8449 0x0000024310314590 code [0x0000024310314800, 0x0000024310315598]
Event: 11684.781 Thread 0x0000024329eaf050 nmethod 8444% 0x0000024316ea5590 code [0x0000024316ea5760, 0x0000024316ea5d60]
Event: 11684.781 Thread 0x0000024329eaf050 8448       4       org.springframework.core.ResolvableType::forType (115 bytes)
Event: 11685.310 Thread 0x0000024329eaf050 nmethod 8448 0x0000024316ea6110 code [0x0000024316ea67a0, 0x0000024316eac650]
Event: 54568.974 Thread 0x0000024329eaf050 8450       4       org.apache.catalina.core.StandardServer$$Lambda$661/0x0000000801024800::run (8 bytes)
Event: 54568.978 Thread 0x0000024329eb2e50 8451       3       java.util.concurrent.ScheduledThreadPoolExecutor::reExecutePeriodic (49 bytes)
Event: 54568.980 Thread 0x0000024329eb2e50 nmethod 8451 0x0000024310315910 code [0x0000024310315b20, 0x00000243103161a8]
Event: 54568.980 Thread 0x0000024329eaf050 nmethod 8450 0x0000024316eb0110 code [0x0000024316eb02c0, 0x0000024316eb0558]
Event: 54568.980 Thread 0x0000024329eaf050 8452       4       java.util.concurrent.ThreadPoolExecutor::ensurePrestart (41 bytes)
Event: 54568.981 Thread 0x0000024329eaf050 nmethod 8452 0x0000024316eb0810 code [0x0000024316eb0980, 0x0000024316eb0a58]
Event: 54568.987 Thread 0x0000024329eaf050 8453       4       java.util.concurrent.ScheduledThreadPoolExecutor::reExecutePeriodic (49 bytes)

GC Heap History (20 events):
Event: 3.505 GC heap before
{Heap before GC invocations=6 (full 0):
 garbage-first heap   total 55296K, used 34601K [0x0000000709600000, 0x0000000800000000)
  region size 2048K, 11 young (22528K), 1 survivors (2048K)
 Metaspace       used 30276K, committed 30592K, reserved 1081344K
  class space    used 3905K, committed 4032K, reserved 1048576K
}
Event: 3.512 GC heap after
{Heap after GC invocations=7 (full 0):
 garbage-first heap   total 155648K, used 16076K [0x0000000709600000, 0x0000000800000000)
  region size 2048K, 2 young (4096K), 2 survivors (4096K)
 Metaspace       used 30276K, committed 30592K, reserved 1081344K
  class space    used 3905K, committed 4032K, reserved 1048576K
}
Event: 4.158 GC heap before
{Heap before GC invocations=7 (full 0):
 garbage-first heap   total 155648K, used 42700K [0x0000000709600000, 0x0000000800000000)
  region size 2048K, 16 young (32768K), 2 survivors (4096K)
 Metaspace       used 35933K, committed 36160K, reserved 1081344K
  class space    used 4579K, committed 4672K, reserved 1048576K
}
Event: 4.163 GC heap after
{Heap after GC invocations=8 (full 0):
 garbage-first heap   total 155648K, used 18350K [0x0000000709600000, 0x0000000800000000)
  region size 2048K, 3 young (6144K), 3 survivors (6144K)
 Metaspace       used 35933K, committed 36160K, reserved 1081344K
  class space    used 4579K, committed 4672K, reserved 1048576K
}
Event: 5.154 GC heap before
{Heap before GC invocations=9 (full 0):
 garbage-first heap   total 75776K, used 57262K [0x0000000709600000, 0x0000000800000000)
  region size 2048K, 22 young (45056K), 3 survivors (6144K)
 Metaspace       used 44984K, committed 45248K, reserved 1089536K
  class space    used 5993K, committed 6144K, reserved 1048576K
}
Event: 5.160 GC heap after
{Heap after GC invocations=10 (full 0):
 garbage-first heap   total 75776K, used 21480K [0x0000000709600000, 0x0000000800000000)
  region size 2048K, 3 young (6144K), 3 survivors (6144K)
 Metaspace       used 44984K, committed 45248K, reserved 1089536K
  class space    used 5993K, committed 6144K, reserved 1048576K
}
Event: 5.188 GC heap before
{Heap before GC invocations=10 (full 0):
 garbage-first heap   total 75776K, used 23528K [0x0000000709600000, 0x0000000800000000)
  region size 2048K, 4 young (8192K), 3 survivors (6144K)
 Metaspace       used 45030K, committed 45376K, reserved 1089536K
  class space    used 5993K, committed 6144K, reserved 1048576K
}
Event: 5.194 GC heap after
{Heap after GC invocations=11 (full 0):
 garbage-first heap   total 75776K, used 21548K [0x0000000709600000, 0x0000000800000000)
  region size 2048K, 1 young (2048K), 1 survivors (2048K)
 Metaspace       used 45030K, committed 45376K, reserved 1089536K
  class space    used 5993K, committed 6144K, reserved 1048576K
}
Event: 5.933 GC heap before
{Heap before GC invocations=11 (full 0):
 garbage-first heap   total 75776K, used 50220K [0x0000000709600000, 0x0000000800000000)
  region size 2048K, 16 young (32768K), 1 survivors (2048K)
 Metaspace       used 50400K, committed 50752K, reserved 1097728K
  class space    used 6803K, committed 6976K, reserved 1048576K
}
Event: 5.936 GC heap after
{Heap after GC invocations=12 (full 0):
 garbage-first heap   total 75776K, used 23164K [0x0000000709600000, 0x0000000800000000)
  region size 2048K, 2 young (4096K), 2 survivors (4096K)
 Metaspace       used 50400K, committed 50752K, reserved 1097728K
  class space    used 6803K, committed 6976K, reserved 1048576K
}
Event: 6.560 GC heap before
{Heap before GC invocations=12 (full 0):
 garbage-first heap   total 75776K, used 53884K [0x0000000709600000, 0x0000000800000000)
  region size 2048K, 17 young (34816K), 2 survivors (4096K)
 Metaspace       used 54324K, committed 54720K, reserved 1097728K
  class space    used 7309K, committed 7488K, reserved 1048576K
}
Event: 6.565 GC heap after
{Heap after GC invocations=13 (full 0):
 garbage-first heap   total 75776K, used 25325K [0x0000000709600000, 0x0000000800000000)
  region size 2048K, 3 young (6144K), 3 survivors (6144K)
 Metaspace       used 54324K, committed 54720K, reserved 1097728K
  class space    used 7309K, committed 7488K, reserved 1048576K
}
Event: 70.165 GC heap before
{Heap before GC invocations=13 (full 0):
 garbage-first heap   total 75776K, used 53997K [0x0000000709600000, 0x0000000800000000)
  region size 2048K, 17 young (34816K), 3 survivors (6144K)
 Metaspace       used 58204K, committed 58560K, reserved 1105920K
  class space    used 7850K, committed 8000K, reserved 1048576K
}
Event: 70.171 GC heap after
{Heap after GC invocations=14 (full 0):
 garbage-first heap   total 75776K, used 27672K [0x0000000709600000, 0x0000000800000000)
  region size 2048K, 3 young (6144K), 3 survivors (6144K)
 Metaspace       used 58204K, committed 58560K, reserved 1105920K
  class space    used 7850K, committed 8000K, reserved 1048576K
}
Event: 124.446 GC heap before
{Heap before GC invocations=14 (full 0):
 garbage-first heap   total 75776K, used 31768K [0x0000000709600000, 0x0000000800000000)
  region size 2048K, 7 young (14336K), 3 survivors (6144K)
 Metaspace       used 60278K, committed 60608K, reserved 1105920K
  class space    used 8099K, committed 8256K, reserved 1048576K
}
Event: 124.451 GC heap after
{Heap after GC invocations=15 (full 0):
 garbage-first heap   total 75776K, used 28380K [0x0000000709600000, 0x0000000800000000)
  region size 2048K, 2 young (4096K), 2 survivors (4096K)
 Metaspace       used 60278K, committed 60608K, reserved 1105920K
  class space    used 8099K, committed 8256K, reserved 1048576K
}
Event: 4267.469 GC heap before
{Heap before GC invocations=16 (full 0):
 garbage-first heap   total 75776K, used 57052K [0x0000000709600000, 0x0000000800000000)
  region size 2048K, 16 young (32768K), 2 survivors (4096K)
 Metaspace       used 64813K, committed 65216K, reserved 1105920K
  class space    used 8619K, committed 8832K, reserved 1048576K
}
Event: 4267.508 GC heap after
{Heap after GC invocations=17 (full 0):
 garbage-first heap   total 75776K, used 29854K [0x0000000709600000, 0x0000000800000000)
  region size 2048K, 2 young (4096K), 2 survivors (4096K)
 Metaspace       used 64813K, committed 65216K, reserved 1105920K
  class space    used 8619K, committed 8832K, reserved 1048576K
}
Event: 11684.724 GC heap before
{Heap before GC invocations=17 (full 0):
 garbage-first heap   total 75776K, used 56478K [0x0000000709600000, 0x0000000800000000)
  region size 2048K, 15 young (30720K), 2 survivors (4096K)
 Metaspace       used 65879K, committed 66368K, reserved 1114112K
  class space    used 8693K, committed 8896K, reserved 1048576K
}
Event: 11684.764 GC heap after
{Heap after GC invocations=18 (full 0):
 garbage-first heap   total 75776K, used 29852K [0x0000000709600000, 0x0000000800000000)
  region size 2048K, 2 young (4096K), 2 survivors (4096K)
 Metaspace       used 65879K, committed 66368K, reserved 1114112K
  class space    used 8693K, committed 8896K, reserved 1048576K
}

Dll operation events (13 events):
Event: 0.008 Loaded shared library C:\Users\A\.jdks\corretto-17.0.5\bin\java.dll
Event: 0.020 Loaded shared library C:\Users\A\.jdks\corretto-17.0.5\bin\jsvml.dll
Event: 0.117 Loaded shared library C:\Users\A\.jdks\corretto-17.0.5\bin\zip.dll
Event: 0.122 Loaded shared library C:\Users\A\.jdks\corretto-17.0.5\bin\instrument.dll
Event: 0.129 Loaded shared library C:\Users\A\.jdks\corretto-17.0.5\bin\net.dll
Event: 0.131 Loaded shared library C:\Users\A\.jdks\corretto-17.0.5\bin\nio.dll
Event: 0.135 Loaded shared library C:\Users\A\.jdks\corretto-17.0.5\bin\zip.dll
Event: 0.200 Loaded shared library D:\software\IntelliJ IDEA Community Edition 2022.2.3\bin\breakgen64.dll
Event: 0.232 Loaded shared library C:\Users\A\.jdks\corretto-17.0.5\bin\verify.dll
Event: 0.238 Loaded shared library C:\Users\A\.jdks\corretto-17.0.5\bin\jimage.dll
Event: 0.965 Loaded shared library C:\Users\A\.jdks\corretto-17.0.5\bin\management.dll
Event: 0.967 Loaded shared library C:\Users\A\.jdks\corretto-17.0.5\bin\management_ext.dll
Event: 3.424 Loaded shared library C:\Users\A\.jdks\corretto-17.0.5\bin\sunmscapi.dll

Deoptimization events (20 events):
Event: 11515.303 Thread 0x000002432f279400 Uncommon trap: trap_request=0xffffff45 fr.pc=0x000002431697981c relative=0x000000000000019c
Event: 11515.303 Thread 0x000002432f279400 Uncommon trap: reason=unstable_if action=reinterpret pc=0x000002431697981c method=java.lang.String.isLatin1()Z @ 10 c2
Event: 11515.303 Thread 0x000002432f279400 DEOPT PACKING pc=0x000002431697981c sp=0x00000061428fac80
Event: 11515.304 Thread 0x000002432f279400 DEOPT UNPACKING pc=0x000002430eef5ba3 sp=0x00000061428fabb8 mode 2
Event: 11684.771 Thread 0x000002432c138390 Uncommon trap: trap_request=0xffffff54 fr.pc=0x0000024316ac87b0 relative=0x0000000000000e10
Event: 11684.772 Thread 0x000002432c138390 Uncommon trap: reason=speculate_null_assert action=make_not_entrant pc=0x0000024316ac87b0 method=org.springframework.util.ConcurrentReferenceHashMap$Segment.restructureIfNecessary(Z)V @ 41 c2
Event: 11684.772 Thread 0x000002432c138390 DEOPT PACKING pc=0x0000024316ac87b0 sp=0x0000006142efd9b0
Event: 11684.772 Thread 0x000002432c138390 DEOPT UNPACKING pc=0x000002430eef5ba3 sp=0x0000006142efd8b8 mode 2
Event: 11684.773 Thread 0x000002432c138390 Uncommon trap: trap_request=0xffffff54 fr.pc=0x00000243169f7280 relative=0x0000000000000240
Event: 11684.773 Thread 0x000002432c138390 Uncommon trap: reason=speculate_null_assert action=make_not_entrant pc=0x00000243169f7280 method=org.springframework.util.ConcurrentReferenceHashMap$Segment.restructureIfNecessary(Z)V @ 41 c2
Event: 11684.773 Thread 0x000002432c138390 DEOPT PACKING pc=0x00000243169f7280 sp=0x0000006142efd8d0
Event: 11684.773 Thread 0x000002432c138390 DEOPT UNPACKING pc=0x000002430eef5ba3 sp=0x0000006142efd8a8 mode 2
Event: 11684.774 Thread 0x000002432c138390 Uncommon trap: trap_request=0xffffffde fr.pc=0x0000024316b411b8 relative=0x0000000000001018
Event: 11684.774 Thread 0x000002432c138390 Uncommon trap: reason=class_check action=maybe_recompile pc=0x0000024316b411b8 method=org.springframework.util.ConcurrentReferenceHashMap$ReferenceManager.pollForPurge()Lorg/springframework/util/ConcurrentReferenceHashMap$Reference; @ 7 c2
Event: 11684.774 Thread 0x000002432c138390 DEOPT PACKING pc=0x0000024316b411b8 sp=0x0000006142efd260
Event: 11684.775 Thread 0x000002432c138390 DEOPT UNPACKING pc=0x000002430eef5ba3 sp=0x0000006142efd058 mode 2
Event: 54568.976 Thread 0x000002432f27c420 Uncommon trap: trap_request=0xffffff45 fr.pc=0x0000024316e27678 relative=0x0000000000001458
Event: 54568.976 Thread 0x000002432f27c420 Uncommon trap: reason=unstable_if action=reinterpret pc=0x0000024316e27678 method=jdk.internal.misc.Unsafe.getAndBitwiseAndInt(Ljava/lang/Object;JI)I @ 21 c2
Event: 54568.977 Thread 0x000002432f27c420 DEOPT PACKING pc=0x0000024316e27678 sp=0x00000061422ff200
Event: 54568.977 Thread 0x000002432f27c420 DEOPT UNPACKING pc=0x000002430eef5ba3 sp=0x00000061422fee98 mode 2

Classes unloaded (0 events):
No events

Classes redefined (0 events):
No events

Internal exceptions (20 events):
Event: 7.054 Thread 0x00000243073b4150 Exception <a 'java/lang/ClassNotFoundException'{0x000000070cf2f958}: com/yks/cmt/entity/CartCustomizer> (0x000000070cf2f958) 
thrown [s\src\hotspot\share\classfile\systemDictionary.cpp, line 256]
Event: 7.154 Thread 0x00000243073b4150 Exception <a 'java/lang/NoSuchMethodError'{0x000000070cbda740}: 'java.lang.Object java.lang.invoke.DirectMethodHandle$Holder.invokeSpecial(java.lang.Object, java.lang.Object, int, java.lang.Object, int, java.lang.Object)'> (0x000000070cbda740) 
thrown [s\src\hotspot\share\interpreter\linkResolver.cpp, line 759]
Event: 7.155 Thread 0x00000243073b4150 Exception <a 'java/lang/NoSuchMethodError'{0x000000070cbe2540}: 'java.lang.Object java.lang.invoke.DirectMethodHandle$Holder.newInvokeSpecial(java.lang.Object, java.lang.Object, int, java.lang.Object, int)'> (0x000000070cbe2540) 
thrown [s\src\hotspot\share\interpreter\linkResolver.cpp, line 759]
Event: 7.155 Thread 0x00000243073b4150 Exception <a 'java/lang/NoSuchMethodError'{0x000000070cbe6640}: 'java.lang.Object java.lang.invoke.DirectMethodHandle$Holder.invokeSpecial(java.lang.Object, java.lang.Object, java.lang.Object, int, java.lang.Object, int)'> (0x000000070cbe6640) 
thrown [s\src\hotspot\share\interpreter\linkResolver.cpp, line 759]
Event: 7.156 Thread 0x00000243073b4150 Exception <a 'java/lang/NoSuchMethodError'{0x000000070cbf0080}: 'void java.lang.invoke.DirectMethodHandle$Holder.invokeVirtual(java.lang.Object, java.lang.Object)'> (0x000000070cbf0080) 
thrown [s\src\hotspot\share\interpreter\linkResolver.cpp, line 759]
Event: 70.231 Thread 0x000002432f279400 Exception <a 'java/lang/NoSuchMethodError'{0x0000000718d9d130}: 'java.lang.Object java.lang.invoke.DirectMethodHandle$Holder.newInvokeSpecial(java.lang.Object, java.lang.Object, long)'> (0x0000000718d9d130) 
thrown [s\src\hotspot\share\interpreter\linkResolver.cpp, line 759]
Event: 70.231 Thread 0x000002432f279400 Exception <a 'java/lang/NoSuchMethodError'{0x0000000718da0f48}: 'java.lang.Object java.lang.invoke.Invokers$Holder.linkToTargetMethod(java.lang.Object, long, java.lang.Object)'> (0x0000000718da0f48) 
thrown [s\src\hotspot\share\interpreter\linkResolver.cpp, line 759]
Event: 124.524 Thread 0x000002432c137050 Exception <a 'java/lang/NoSuchMethodError'{0x0000000718dd6200}: 'java.lang.Object java.lang.invoke.DirectMethodHandle$Holder.invokeStaticInit(java.lang.Object, java.lang.Object, java.lang.Object, java.lang.Object, java.lang.Object, java.lang.Object)'> (0x0000000718dd6200) 
thrown [s\src\hotspot\share\interpreter\linkResolver.cpp, line 759]
Event: 124.546 Thread 0x000002432c137050 Exception <a 'java/lang/ClassNotFoundException'{0x00000007110a07d0}: java/lang/ObjectCustomizer> (0x00000007110a07d0) 
thrown [s\src\hotspot\share\classfile\systemDictionary.cpp, line 256]
Event: 124.547 Thread 0x000002432c137050 Exception <a 'java/lang/ClassNotFoundException'{0x00000007110a8d20}: com/yks/cmt/dto/UserVOCustomizer> (0x00000007110a8d20) 
thrown [s\src\hotspot\share\classfile\systemDictionary.cpp, line 256]
Event: 124.547 Thread 0x000002432c137050 Exception <a 'java/lang/ClassNotFoundException'{0x00000007110b8768}: java/lang/ObjectCustomizer> (0x00000007110b8768) 
thrown [s\src\hotspot\share\classfile\systemDictionary.cpp, line 256]
Event: 124.548 Thread 0x000002432c137050 Exception <a 'java/lang/ClassNotFoundException'{0x00000007110c0da8}: com/yks/cmt/entity/WebUserCustomizer> (0x00000007110c0da8) 
thrown [s\src\hotspot\share\classfile\systemDictionary.cpp, line 256]
Event: 124.556 Thread 0x000002432c137050 Exception <a 'sun/nio/fs/WindowsException'{0x0000000711109ad8}> (0x0000000711109ad8) 
thrown [s\src\hotspot\share\prims\jni.cpp, line 516]
Event: 2586.703 Thread 0x000002432f279400 Exception <a 'java/lang/NoSuchMethodError'{0x000000070c794c98}: 'java.lang.Object java.lang.invoke.DirectMethodHandle$Holder.invokeStatic(java.lang.Object, int, int)'> (0x000000070c794c98) 
thrown [s\src\hotspot\share\interpreter\linkResolver.cpp, line 759]
Event: 2742.805 Thread 0x000002432f27b5b0 Exception <a 'java/lang/reflect/InvocationTargetException'{0x000000070c48eec0}> (0x000000070c48eec0) 
thrown [s\src\hotspot\share\runtime\reflection.cpp, line 1121]
Event: 11515.394 Thread 0x000002432f279400 Exception <a 'java/lang/reflect/InvocationTargetException'{0x000000070c8a4db8}> (0x000000070c8a4db8) 
thrown [s\src\hotspot\share\runtime\reflection.cpp, line 1121]
Event: 11515.426 Thread 0x000002432f279400 Exception <a 'java/lang/NoClassDefFoundError'{0x000000070c8c3328}: sun/reflect/Reflection> (0x000000070c8c3328) 
thrown [s\src\hotspot\share\classfile\systemDictionary.cpp, line 245]
Event: 11604.342 Thread 0x000002432f27b0e0 Exception <a 'java/lang/reflect/InvocationTargetException'{0x000000070c618940}> (0x000000070c618940) 
thrown [s\src\hotspot\share\runtime\reflection.cpp, line 1121]
Event: 11645.034 Thread 0x000002432f27b5b0 Exception <a 'java/lang/reflect/InvocationTargetException'{0x000000070c6feb20}> (0x000000070c6feb20) 
thrown [s\src\hotspot\share\runtime\reflection.cpp, line 1121]
Event: 11684.716 Thread 0x000002432c138390 Exception <a 'java/lang/reflect/InvocationTargetException'{0x000000070c7c6780}> (0x000000070c7c6780) 
thrown [s\src\hotspot\share\runtime\reflection.cpp, line 1121]

VM Operations (20 events):
Event: 11405.313 Executing VM operation: Cleanup
Event: 11405.313 Executing VM operation: Cleanup done
Event: 11415.437 Executing VM operation: Cleanup
Event: 11415.437 Executing VM operation: Cleanup done
Event: 11494.152 Executing VM operation: Cleanup
Event: 11494.152 Executing VM operation: Cleanup done
Event: 11515.341 Executing VM operation: Cleanup
Event: 11515.341 Executing VM operation: Cleanup done
Event: 11516.355 Executing VM operation: Cleanup
Event: 11516.355 Executing VM operation: Cleanup done
Event: 11583.950 Executing VM operation: Cleanup
Event: 11583.950 Executing VM operation: Cleanup done
Event: 11605.140 Executing VM operation: Cleanup
Event: 11605.140 Executing VM operation: Cleanup done
Event: 11645.535 Executing VM operation: Cleanup
Event: 11645.535 Executing VM operation: Cleanup done
Event: 11679.877 Executing VM operation: Cleanup
Event: 11679.877 Executing VM operation: Cleanup done
Event: 11684.723 Executing VM operation: G1CollectForAllocation
Event: 11684.764 Executing VM operation: G1CollectForAllocation done

Events (20 events):
Event: 7864.967 loading class javax/crypto/BadPaddingException
Event: 7864.967 loading class javax/crypto/BadPaddingException done
Event: 7864.967 loading class java/security/spec/InvalidKeySpecException
Event: 7864.968 loading class java/security/spec/InvalidKeySpecException done
Event: 7864.968 loading class java/security/UnrecoverableKeyException
Event: 7864.969 loading class java/security/UnrecoverableEntryException
Event: 7864.969 loading class java/security/UnrecoverableEntryException done
Event: 7864.969 loading class java/security/UnrecoverableKeyException done
Event: 7864.969 loading class java/security/KeyStoreException
Event: 7864.969 loading class java/security/KeyStoreException done
Event: 7864.969 loading class java/security/cert/CertificateException
Event: 7864.970 loading class java/security/cert/CertificateException done
Event: 7864.970 loading class java/security/KeyManagementException
Event: 7864.970 loading class java/security/KeyManagementException done
Event: 7864.970 loading class javax/net/ssl/TrustManager
Event: 7864.970 loading class javax/net/ssl/TrustManager done
Event: 11390.461 loading class java/text/ParsePosition
Event: 11390.466 loading class java/text/ParsePosition done
Event: 11515.425 loading class sun/reflect/Reflection
Event: 11515.426 loading class sun/reflect/Reflection done


Dynamic libraries:
0x00007ff7b2b40000 - 0x00007ff7b2b4d000 	C:\Users\A\.jdks\corretto-17.0.5\bin\java.exe
0x00007ffc6f990000 - 0x00007ffc6fba4000 	C:\WINDOWS\SYSTEM32\ntdll.dll
0x00007ffc6e2d0000 - 0x00007ffc6e393000 	C:\WINDOWS\System32\KERNEL32.DLL
0x00007ffc6d040000 - 0x00007ffc6d3dc000 	C:\WINDOWS\System32\KERNELBASE.dll
0x00007ffc6cef0000 - 0x00007ffc6d001000 	C:\WINDOWS\System32\ucrtbase.dll
0x00007ffc657f0000 - 0x00007ffc65807000 	C:\Users\A\.jdks\corretto-17.0.5\bin\jli.dll
0x00007ffc65820000 - 0x00007ffc65835000 	C:\Users\A\.jdks\corretto-17.0.5\bin\VCRUNTIME140.dll
0x00007ffc6ecb0000 - 0x00007ffc6ee5d000 	C:\WINDOWS\System32\USER32.dll
0x00007ffc51920000 - 0x00007ffc51bae000 	C:\WINDOWS\WinSxS\amd64_microsoft.windows.common-controls_6595b64144ccf1df_6.0.22621.608_none_a9444ca7c10bb01d\COMCTL32.dll
0x00007ffc6d010000 - 0x00007ffc6d036000 	C:\WINDOWS\System32\win32u.dll
0x00007ffc6e220000 - 0x00007ffc6e2c7000 	C:\WINDOWS\System32\msvcrt.dll
0x00007ffc6ec70000 - 0x00007ffc6ec99000 	C:\WINDOWS\System32\GDI32.dll
0x00007ffc6cdd0000 - 0x00007ffc6cee2000 	C:\WINDOWS\System32\gdi32full.dll
0x00007ffc6d700000 - 0x00007ffc6d79a000 	C:\WINDOWS\System32\msvcp_win.dll
0x00007ffc6e3a0000 - 0x00007ffc6e3d2000 	C:\WINDOWS\System32\IMM32.DLL
0x00007ffc39eb0000 - 0x00007ffc39f4b000 	C:\Users\A\.jdks\corretto-17.0.5\bin\msvcp140.dll
0x00007ffc1f4e0000 - 0x00007ffc200f4000 	C:\Users\A\.jdks\corretto-17.0.5\bin\server\jvm.dll
0x00007ffc6f8a0000 - 0x00007ffc6f94e000 	C:\WINDOWS\System32\ADVAPI32.dll
0x00007ffc6f040000 - 0x00007ffc6f0e4000 	C:\WINDOWS\System32\sechost.dll
0x00007ffc6eea0000 - 0x00007ffc6efb5000 	C:\WINDOWS\System32\RPCRT4.dll
0x00007ffc4a040000 - 0x00007ffc4a049000 	C:\WINDOWS\SYSTEM32\WSOCK32.dll
0x00007ffc62170000 - 0x00007ffc621a4000 	C:\WINDOWS\SYSTEM32\WINMM.dll
0x00007ffc62140000 - 0x00007ffc6214a000 	C:\WINDOWS\SYSTEM32\VERSION.dll
0x00007ffc6efc0000 - 0x00007ffc6f031000 	C:\WINDOWS\System32\WS2_32.dll
0x00007ffc6bf10000 - 0x00007ffc6bf28000 	C:\WINDOWS\SYSTEM32\kernel.appcore.dll
0x00007ffc658a0000 - 0x00007ffc658aa000 	C:\Users\A\.jdks\corretto-17.0.5\bin\jimage.dll
0x00007ffc6a620000 - 0x00007ffc6a84e000 	C:\WINDOWS\SYSTEM32\DBGHELP.DLL
0x00007ffc6db30000 - 0x00007ffc6deba000 	C:\WINDOWS\System32\combase.dll
0x00007ffc6d8b0000 - 0x00007ffc6d987000 	C:\WINDOWS\System32\OLEAUT32.dll
0x00007ffc5c3a0000 - 0x00007ffc5c3d2000 	C:\WINDOWS\SYSTEM32\dbgcore.DLL
0x00007ffc6d3e0000 - 0x00007ffc6d45b000 	C:\WINDOWS\System32\bcryptPrimitives.dll
0x00007ffc65670000 - 0x00007ffc6567e000 	C:\Users\A\.jdks\corretto-17.0.5\bin\instrument.dll
0x00007ffc54270000 - 0x00007ffc54295000 	C:\Users\A\.jdks\corretto-17.0.5\bin\java.dll
0x00007ffc2d350000 - 0x00007ffc2d426000 	C:\Users\A\.jdks\corretto-17.0.5\bin\jsvml.dll
0x00007ffc6e3f0000 - 0x00007ffc6ebdf000 	C:\WINDOWS\System32\SHELL32.dll
0x00007ffc6adc0000 - 0x00007ffc6b688000 	C:\WINDOWS\SYSTEM32\windows.storage.dll
0x00007ffc6ab00000 - 0x00007ffc6ac3e000 	C:\WINDOWS\SYSTEM32\wintypes.dll
0x00007ffc6f7a0000 - 0x00007ffc6f891000 	C:\WINDOWS\System32\SHCORE.dll
0x00007ffc6f690000 - 0x00007ffc6f6ee000 	C:\WINDOWS\System32\shlwapi.dll
0x00007ffc6cd00000 - 0x00007ffc6cd21000 	C:\WINDOWS\SYSTEM32\profapi.dll
0x00007ffc593e0000 - 0x00007ffc593f8000 	C:\Users\A\.jdks\corretto-17.0.5\bin\zip.dll
0x00007ffc60c40000 - 0x00007ffc60c59000 	C:\Users\A\.jdks\corretto-17.0.5\bin\net.dll
0x00007ffc645d0000 - 0x00007ffc646ff000 	C:\WINDOWS\SYSTEM32\WINHTTP.dll
0x00007ffc6c380000 - 0x00007ffc6c3e9000 	C:\WINDOWS\system32\mswsock.dll
0x00007ffc599f0000 - 0x00007ffc59a05000 	C:\Users\A\.jdks\corretto-17.0.5\bin\nio.dll
0x00007ffc4a150000 - 0x00007ffc4a16a000 	D:\software\IntelliJ IDEA Community Edition 2022.2.3\bin\breakgen64.dll
0x00007ffc5a2a0000 - 0x00007ffc5a2b0000 	C:\Users\A\.jdks\corretto-17.0.5\bin\verify.dll
0x00007ffc59420000 - 0x00007ffc59429000 	C:\Users\A\.jdks\corretto-17.0.5\bin\management.dll
0x00007ffc54260000 - 0x00007ffc5426b000 	C:\Users\A\.jdks\corretto-17.0.5\bin\management_ext.dll
0x00007ffc6ee80000 - 0x00007ffc6ee88000 	C:\WINDOWS\System32\PSAPI.DLL
0x00007ffc3c380000 - 0x00007ffc3c397000 	C:\WINDOWS\system32\napinsp.dll
0x00007ffc3bfe0000 - 0x00007ffc3bffb000 	C:\WINDOWS\system32\pnrpnsp.dll
0x00007ffc6b9c0000 - 0x00007ffc6bab3000 	C:\WINDOWS\SYSTEM32\DNSAPI.dll
0x00007ffc6b990000 - 0x00007ffc6b9bd000 	C:\WINDOWS\SYSTEM32\IPHLPAPI.DLL
0x00007ffc6e3e0000 - 0x00007ffc6e3e9000 	C:\WINDOWS\System32\NSI.dll
0x00007ffc3bf70000 - 0x00007ffc3bf81000 	C:\WINDOWS\System32\winrnr.dll
0x00007ffc61eb0000 - 0x00007ffc61ec5000 	C:\WINDOWS\system32\wshbth.dll
0x00007ffc3bf40000 - 0x00007ffc3bf61000 	C:\WINDOWS\system32\nlansp_c.dll
0x00007ffc60b00000 - 0x00007ffc60b0a000 	C:\Windows\System32\rasadhlp.dll
0x00007ffc60e20000 - 0x00007ffc60ea3000 	C:\WINDOWS\System32\fwpuclnt.dll
0x00007ffc6c5d0000 - 0x00007ffc6c5eb000 	C:\WINDOWS\SYSTEM32\CRYPTSP.dll
0x00007ffc6be80000 - 0x00007ffc6beb5000 	C:\WINDOWS\system32\rsaenh.dll
0x00007ffc6c470000 - 0x00007ffc6c498000 	C:\WINDOWS\SYSTEM32\USERENV.dll
0x00007ffc6c790000 - 0x00007ffc6c7b8000 	C:\WINDOWS\SYSTEM32\bcrypt.dll
0x00007ffc6c5f0000 - 0x00007ffc6c5fc000 	C:\WINDOWS\SYSTEM32\CRYPTBASE.dll
0x00007ffc62150000 - 0x00007ffc62169000 	C:\WINDOWS\SYSTEM32\dhcpcsvc6.DLL
0x00007ffc61e90000 - 0x00007ffc61eaf000 	C:\WINDOWS\SYSTEM32\dhcpcsvc.DLL
0x00007ffc51050000 - 0x00007ffc5105e000 	C:\Users\A\.jdks\corretto-17.0.5\bin\sunmscapi.dll
0x00007ffc6d590000 - 0x00007ffc6d6f6000 	C:\WINDOWS\System32\CRYPT32.dll
0x00007ffc6c760000 - 0x00007ffc6c78d000 	C:\WINDOWS\SYSTEM32\ncrypt.dll
0x00007ffc6c720000 - 0x00007ffc6c757000 	C:\WINDOWS\SYSTEM32\NTASN1.dll
0x00007ffc11590000 - 0x00007ffc11598000 	C:\WINDOWS\system32\wshunix.dll

dbghelp: loaded successfully - version: 4.0.5 - missing functions: none
symbol engine: initialized successfully - sym options: 0x614 - pdb path: .;C:\Users\A\.jdks\corretto-17.0.5\bin;C:\WINDOWS\SYSTEM32;C:\WINDOWS\WinSxS\amd64_microsoft.windows.common-controls_6595b64144ccf1df_6.0.22621.608_none_a9444ca7c10bb01d;C:\Users\A\.jdks\corretto-17.0.5\bin\server;D:\software\IntelliJ IDEA Community Edition 2022.2.3\bin

VM Arguments:
jvm_args: -javaagent:D:\software\IntelliJ IDEA Community Edition 2022.2.3\lib\idea_rt.jar=64970:D:\software\IntelliJ IDEA Community Edition 2022.2.3\bin -Dfile.encoding=UTF-8 
java_command: com.yks.cmt.ConvenientMedicalTreatmentApplication
java_class_path (initial): C:\Users\A\IdeaProjects\cmt\target\classes;C:\Users\A\.m2\repository\org\springframework\boot\spring-boot-starter\2.7.8\spring-boot-starter-2.7.8.jar;C:\Users\A\.m2\repository\org\springframework\boot\spring-boot\2.7.8\spring-boot-2.7.8.jar;C:\Users\A\.m2\repository\org\springframework\spring-context\5.3.25\spring-context-5.3.25.jar;C:\Users\A\.m2\repository\org\springframework\boot\spring-boot-autoconfigure\2.7.8\spring-boot-autoconfigure-2.7.8.jar;C:\Users\A\.m2\repository\org\springframework\boot\spring-boot-starter-logging\2.7.8\spring-boot-starter-logging-2.7.8.jar;C:\Users\A\.m2\repository\ch\qos\logback\logback-classic\1.2.11\logback-classic-1.2.11.jar;C:\Users\A\.m2\repository\ch\qos\logback\logback-core\1.2.11\logback-core-1.2.11.jar;C:\Users\A\.m2\repository\org\apache\logging\log4j\log4j-to-slf4j\2.17.2\log4j-to-slf4j-2.17.2.jar;C:\Users\A\.m2\repository\org\apache\logging\log4j\log4j-api\2.17.2\log4j-api-2.17.2.jar;C:\Users\A\.m2\repository\org\slf4j\jul-to-slf4j\1.7.36\jul-to-slf4j-1.7.36.jar;C:\Users\A\.m2\repository\jakarta\annotation\jakarta.annotation-api\1.3.5\jakarta.annotation-api-1.3.5.jar;C:\Users\A\.m2\repository\org\springframework\spring-core\5.3.25\spring-core-5.3.25.jar;C:\Users\A\.m2\repository\org\springframework\spring-jcl\5.3.25\spring-jcl-5.3.25.jar;C:\Users\A\.m2\repository\org\yaml\snakeyaml\1.30\snakeyaml-1.30.jar;C:\Users\A\.m2\repository\org\springframework\boot\spring-boot-starter-web\2.7.8\spring-boot-starter-web-2.7.8.jar;C:\Users\A\.m2\repository\org\springframework\boot\spring-boot-starter-json\2.7.8\spring-boot-starter-json-2.7.8.jar;C:\Users\A\.m2\repository\com\fasterxml\jackson\datatype\jackson-datatype-jdk8\2.13.4\jackson-datatype-jdk8-2.13.4.jar;C:\Users\A\.m2\repository\com\fasterxml\jackson\datatype\jackson-datatype-jsr310\2.13.4\jackson-datatype-jsr310-2.13.4.jar;C:\Users\A\.m2\repository\com\fasterxml\jackson\module\jackson-module-parameter-names\2.13.4\jackson-module-parameter-names-2.
Launcher Type: SUN_STANDARD

[Global flags]
     intx CICompilerCount                          = 4                                         {product} {ergonomic}
     uint ConcGCThreads                            = 2                                         {product} {ergonomic}
     uint G1ConcRefinementThreads                  = 8                                         {product} {ergonomic}
   size_t G1HeapRegionSize                         = 2097152                                   {product} {ergonomic}
    uintx GCDrainStackTargetSize                   = 64                                        {product} {ergonomic}
   size_t InitialHeapSize                          = 260046848                                 {product} {ergonomic}
   size_t MarkStackSize                            = 4194304                                   {product} {ergonomic}
   size_t MaxHeapSize                              = 4137680896                                {product} {ergonomic}
   size_t MaxNewSize                               = 2480930816                                {product} {ergonomic}
   size_t MinHeapDeltaBytes                        = 2097152                                   {product} {ergonomic}
   size_t MinHeapSize                              = 8388608                                   {product} {ergonomic}
    uintx NonNMethodCodeHeapSize                   = 5839372                                {pd product} {ergonomic}
    uintx NonProfiledCodeHeapSize                  = 122909434                              {pd product} {ergonomic}
    uintx ProfiledCodeHeapSize                     = 122909434                              {pd product} {ergonomic}
    uintx ReservedCodeCacheSize                    = 251658240                              {pd product} {ergonomic}
     bool SegmentedCodeCache                       = true                                      {product} {ergonomic}
   size_t SoftMaxHeapSize                          = 4137680896                             {manageable} {ergonomic}
     bool UseCompressedClassPointers               = true                           {product lp64_product} {ergonomic}
     bool UseCompressedOops                        = true                           {product lp64_product} {ergonomic}
     bool UseG1GC                                  = true                                      {product} {ergonomic}
     bool UseLargePagesIndividualAllocation        = false                                  {pd product} {ergonomic}

Logging:
Log output configuration:
 #0: stdout all=warning uptime,level,tags
 #1: stderr all=off uptime,level,tags

Environment Variables:
JAVA_HOME=D:\openjdk-19
PATH=C:\WINDOWS\system32;C:\WINDOWS;C:\WINDOWS\System32\Wbem;C:\WINDOWS\System32\WindowsPowerShell\v1.0\;C:\WINDOWS\System32\OpenSSH\;C:\Program Files (x86)\Pulse Secure\VC142.CRT\X64\;C:\Program Files (x86)\Pulse Secure\VC142.CRT\X86\;C:\Program Files (x86)\Common Files\Pulse Secure\TNC Client Plugin\;C:\Program Files\Git\cmd;D:\apache-maven-3.8.6\bin;D:\mysql-8.0.11-winx64\bin;C:\Program Files\Docker\Docker\resources\bin;D:\openjdk-19\bin;%NODE_PATH%;D:\nodejs\node_global;D:\nvm;D:\nodejs;D:\web\dll;C:\Users\A\AppData\Local\Microsoft\WindowsApps;D:\Microsoft VS Code\bin;D:\nvm;D:\nodejs
USERNAME=A
OS=Windows_NT
PROCESSOR_IDENTIFIER=Intel64 Family 6 Model 140 Stepping 1, GenuineIntel
TMP=C:\Users\A\AppData\Local\Temp
TEMP=C:\Users\A\AppData\Local\Temp



---------------  S Y S T E M  ---------------

OS:
 Windows 11 , 64 bit Build 22621 (10.0.22621.1194)
OS uptime: 3 days 14:05 hours
Hyper-V role detected

CPU: total 8 (initial active 8) (4 cores per cpu, 2 threads per core) family 6 model 140 stepping 1 microcode 0xa4, cx8, cmov, fxsr, ht, mmx, 3dnowpref, sse, sse2, sse3, ssse3, sse4.1, sse4.2, popcnt, lzcnt, tsc, tscinvbit, avx, avx2, aes, erms, clmul, bmi1, bmi2, adx, avx512f, avx512dq, avx512cd, avx512bw, avx512vl, sha, fma, vzeroupper, avx512_vpopcntdq, avx512_vpclmulqdq, avx512_vaes, avx512_vnni, clflush, clflushopt, clwb, avx512_vbmi2, avx512_vbmi, hv

Memory: 4k page, system-wide physical 15777M (828M free)
TotalPageFile size 50871M (AvailPageFile size 17M)
current process WorkingSet (physical memory assigned to process): 134M, peak: 301M
current process commit charge ("private bytes"): 272M, peak: 394M

vm_info: OpenJDK 64-Bit Server VM (17.0.5+8-LTS) for windows-amd64 JRE (17.0.5+8-LTS), built on Oct 13 2022 05:18:14 by "Administrator" with MS VC++ 15.9 (VS2017)

END.
